2022-04-28T20:31:36+00:00 ERR (3): RuntimeException: zip extension is required to bundle report PDF files. in /var/www/html/plugins/Reports/models/Reports/Generator/PdfQrCode.php:95
Stack trace:
#0 /var/www/html/plugins/Reports/models/Reports/Generator.php(160): Reports_Generator_PdfQrCode->generateReport()
#1 /var/www/html/plugins/Reports/models/Reports/GenerateJob.php(18): Reports_Generator->generate()
#2 /var/www/html/application/libraries/Omeka/Job/Process/Wrapper.php(29): Reports_GenerateJob->perform()
#3 /var/www/html/application/scripts/background.php(61): Omeka_Job_Process_Wrapper->run()
#4 {main}
2022-04-28T21:14:27+00:00 WARN (4): Error output from ImageMagick:
convert: attempt to perform an operation not allowed by the security policy `PDF' @ error/constitute.c/IsCoderAuthorized/408.
convert: no images defined `/tmp/fullsize_57aa81058bb4708ec8988a66c3763f19.jpg' @ error/convert.c/ConvertImageCommand/3258.

2022-04-28T21:14:27+00:00 ERR (3): ImageMagick failed with status code 1.
2022-04-28T23:58:51+00:00 ERR (3): Omeka_Navigation_Page_Uri_Exception: Invalid URI for Omeka_Navigation_Page_Uri object: http:///about in /var/www/html/application/libraries/Omeka/Navigation/Page/Uri.php:128
Stack trace:
#0 /var/www/html/application/libraries/Omeka/Navigation/Page/Uri.php(39): Omeka_Navigation_Page_Uri->_normalizeHref()
#1 /var/www/html/application/libraries/Omeka/Navigation.php(464): Omeka_Navigation_Page_Uri->setHref()
#2 /var/www/html/application/libraries/Omeka/Navigation.php(69): Omeka_Navigation->_normalizePageRecursive()
#3 /var/www/html/application/libraries/Zend/Navigation/Container.php(172): Omeka_Navigation->addPage()
#4 /var/www/html/application/libraries/Zend/Navigation/Container.php(187): Zend_Navigation_Container->addPages()
#5 /var/www/html/application/libraries/Omeka/Navigation.php(48): Zend_Navigation_Container->setPages()
#6 /var/www/html/application/libraries/globals.php(2781): Omeka_Navigation->loadAsOption()
#7 /var/www/html/themes/seasons/common/header.php(73): public_nav_main()
#8 /var/www/html/application/libraries/Omeka/View.php(114): include('/var/www/html/t...')
#9 /var/www/html/application/libraries/Zend/View/Abstract.php(888): Omeka_View->_run()
#10 /var/www/html/application/libraries/Zend/View/Helper/Partial.php(109): Zend_View_Abstract->render()
#11 /var/www/html/application/libraries/Zend/View/Abstract.php(349): Zend_View_Helper_Partial->partial()
#12 /var/www/html/application/libraries/globals.php(1666): Zend_View_Abstract->__call()
#13 /var/www/html/application/libraries/globals.php(1680): common()
#14 /var/www/html/themes/seasons/simple-pages/page/show.php(4): head()
#15 /var/www/html/application/libraries/Omeka/View.php(114): include('/var/www/html/t...')
#16 /var/www/html/application/libraries/Zend/View/Abstract.php(888): Omeka_View->_run()
#17 /var/www/html/application/libraries/Zend/Controller/Action/Helper/ViewRenderer.php(912): Zend_View_Abstract->render()
#18 /var/www/html/application/libraries/Zend/Controller/Action/Helper/ViewRenderer.php(933): Zend_Controller_Action_Helper_ViewRenderer->renderScript()
#19 /var/www/html/application/libraries/Zend/Controller/Action/Helper/ViewRenderer.php(972): Zend_Controller_Action_Helper_ViewRenderer->render()
#20 /var/www/html/application/libraries/Zend/Controller/Action/HelperBroker.php(277): Zend_Controller_Action_Helper_ViewRenderer->postDispatch()
#21 /var/www/html/application/libraries/Zend/Controller/Action.php(527): Zend_Controller_Action_HelperBroker->notifyPostDispatch()
#22 /var/www/html/application/libraries/Zend/Controller/Dispatcher/Standard.php(308): Zend_Controller_Action->dispatch()
#23 /var/www/html/application/libraries/Zend/Controller/Front.php(954): Zend_Controller_Dispatcher_Standard->dispatch()
#24 /var/www/html/application/libraries/Zend/Application/Bootstrap/Bootstrap.php(105): Zend_Controller_Front->dispatch()
#25 /var/www/html/application/libraries/Zend/Application.php(384): Zend_Application_Bootstrap_Bootstrap->run()
#26 /var/www/html/application/libraries/Omeka/Application.php(73): Zend_Application->run()
#27 /var/www/html/index.php(23): Omeka_Application->run()
#28 {main}
2022-04-29T00:16:35+00:00 ERR (3): Omeka_Navigation_Page_Uri_Exception: Invalid URI for Omeka_Navigation_Page_Uri object: http:///about in /var/www/html/application/libraries/Omeka/Navigation/Page/Uri.php:128
Stack trace:
#0 /var/www/html/application/libraries/Omeka/Navigation/Page/Uri.php(39): Omeka_Navigation_Page_Uri->_normalizeHref()
#1 /var/www/html/application/libraries/Omeka/Navigation.php(464): Omeka_Navigation_Page_Uri->setHref()
#2 /var/www/html/application/libraries/Omeka/Navigation.php(69): Omeka_Navigation->_normalizePageRecursive()
#3 /var/www/html/application/libraries/Zend/Navigation/Container.php(172): Omeka_Navigation->addPage()
#4 /var/www/html/application/libraries/Zend/Navigation/Container.php(187): Zend_Navigation_Container->addPages()
#5 /var/www/html/application/libraries/Omeka/Navigation.php(48): Zend_Navigation_Container->setPages()
#6 /var/www/html/application/libraries/globals.php(2781): Omeka_Navigation->loadAsOption()
#7 /var/www/html/themes/seasons/common/header.php(73): public_nav_main()
#8 /var/www/html/application/libraries/Omeka/View.php(114): include('/var/www/html/t...')
#9 /var/www/html/application/libraries/Zend/View/Abstract.php(888): Omeka_View->_run()
#10 /var/www/html/application/libraries/Zend/View/Helper/Partial.php(109): Zend_View_Abstract->render()
#11 /var/www/html/application/libraries/Zend/View/Abstract.php(349): Zend_View_Helper_Partial->partial()
#12 /var/www/html/application/libraries/globals.php(1666): Zend_View_Abstract->__call()
#13 /var/www/html/application/libraries/globals.php(1680): common()
#14 /var/www/html/themes/seasons/simple-pages/page/show.php(4): head()
#15 /var/www/html/application/libraries/Omeka/View.php(114): include('/var/www/html/t...')
#16 /var/www/html/application/libraries/Zend/View/Abstract.php(888): Omeka_View->_run()
#17 /var/www/html/application/libraries/Zend/Controller/Action/Helper/ViewRenderer.php(912): Zend_View_Abstract->render()
#18 /var/www/html/application/libraries/Zend/Controller/Action/Helper/ViewRenderer.php(933): Zend_Controller_Action_Helper_ViewRenderer->renderScript()
#19 /var/www/html/application/libraries/Zend/Controller/Action/Helper/ViewRenderer.php(972): Zend_Controller_Action_Helper_ViewRenderer->render()
#20 /var/www/html/application/libraries/Zend/Controller/Action/HelperBroker.php(277): Zend_Controller_Action_Helper_ViewRenderer->postDispatch()
#21 /var/www/html/application/libraries/Zend/Controller/Action.php(527): Zend_Controller_Action_HelperBroker->notifyPostDispatch()
#22 /var/www/html/application/libraries/Zend/Controller/Dispatcher/Standard.php(308): Zend_Controller_Action->dispatch()
#23 /var/www/html/application/libraries/Zend/Controller/Front.php(954): Zend_Controller_Dispatcher_Standard->dispatch()
#24 /var/www/html/application/libraries/Zend/Application/Bootstrap/Bootstrap.php(105): Zend_Controller_Front->dispatch()
#25 /var/www/html/application/libraries/Zend/Application.php(384): Zend_Application_Bootstrap_Bootstrap->run()
#26 /var/www/html/application/libraries/Omeka/Application.php(73): Zend_Application->run()
#27 /var/www/html/index.php(23): Omeka_Application->run()
#28 {main}
2022-04-29T06:14:57+00:00 ERR (3): Omeka_Navigation_Page_Uri_Exception: Invalid URI for Omeka_Navigation_Page_Uri object: http:///about in /var/www/html/application/libraries/Omeka/Navigation/Page/Uri.php:128
Stack trace:
#0 /var/www/html/application/libraries/Omeka/Navigation/Page/Uri.php(39): Omeka_Navigation_Page_Uri->_normalizeHref()
#1 /var/www/html/application/libraries/Omeka/Navigation.php(464): Omeka_Navigation_Page_Uri->setHref()
#2 /var/www/html/application/libraries/Omeka/Navigation.php(69): Omeka_Navigation->_normalizePageRecursive()
#3 /var/www/html/application/libraries/Zend/Navigation/Container.php(172): Omeka_Navigation->addPage()
#4 /var/www/html/application/libraries/Zend/Navigation/Container.php(187): Zend_Navigation_Container->addPages()
#5 /var/www/html/application/libraries/Omeka/Navigation.php(48): Zend_Navigation_Container->setPages()
#6 /var/www/html/application/libraries/globals.php(2781): Omeka_Navigation->loadAsOption()
#7 /var/www/html/themes/seasons/common/header.php(73): public_nav_main()
#8 /var/www/html/application/libraries/Omeka/View.php(114): include('/var/www/html/t...')
#9 /var/www/html/application/libraries/Zend/View/Abstract.php(888): Omeka_View->_run()
#10 /var/www/html/application/libraries/Zend/View/Helper/Partial.php(109): Zend_View_Abstract->render()
#11 /var/www/html/application/libraries/Zend/View/Abstract.php(349): Zend_View_Helper_Partial->partial()
#12 /var/www/html/application/libraries/globals.php(1666): Zend_View_Abstract->__call()
#13 /var/www/html/application/libraries/globals.php(1680): common()
#14 /var/www/html/themes/seasons/simple-pages/page/show.php(4): head()
#15 /var/www/html/application/libraries/Omeka/View.php(114): include('/var/www/html/t...')
#16 /var/www/html/application/libraries/Zend/View/Abstract.php(888): Omeka_View->_run()
#17 /var/www/html/application/libraries/Zend/Controller/Action/Helper/ViewRenderer.php(912): Zend_View_Abstract->render()
#18 /var/www/html/application/libraries/Zend/Controller/Action/Helper/ViewRenderer.php(933): Zend_Controller_Action_Helper_ViewRenderer->renderScript()
#19 /var/www/html/application/libraries/Zend/Controller/Action/Helper/ViewRenderer.php(972): Zend_Controller_Action_Helper_ViewRenderer->render()
#20 /var/www/html/application/libraries/Zend/Controller/Action/HelperBroker.php(277): Zend_Controller_Action_Helper_ViewRenderer->postDispatch()
#21 /var/www/html/application/libraries/Zend/Controller/Action.php(527): Zend_Controller_Action_HelperBroker->notifyPostDispatch()
#22 /var/www/html/application/libraries/Zend/Controller/Dispatcher/Standard.php(308): Zend_Controller_Action->dispatch()
#23 /var/www/html/application/libraries/Zend/Controller/Front.php(954): Zend_Controller_Dispatcher_Standard->dispatch()
#24 /var/www/html/application/libraries/Zend/Application/Bootstrap/Bootstrap.php(105): Zend_Controller_Front->dispatch()
#25 /var/www/html/application/libraries/Zend/Application.php(384): Zend_Application_Bootstrap_Bootstrap->run()
#26 /var/www/html/application/libraries/Omeka/Application.php(73): Zend_Application->run()
#27 /var/www/html/index.php(23): Omeka_Application->run()
#28 {main}
2022-04-29T09:36:02+00:00 WARN (4): Error output from ImageMagick:
convert: attempt to perform an operation not allowed by the security policy `PDF' @ error/constitute.c/IsCoderAuthorized/408.
convert: no images defined `/tmp/fullsize_29d40dd9fdc06faefcc2600f4eead7d8.jpg' @ error/convert.c/ConvertImageCommand/3258.

2022-04-29T09:36:02+00:00 ERR (3): ImageMagick failed with status code 1.
2022-04-29T10:49:36+00:00 ERR (3): Omeka_Navigation_Page_Uri_Exception: Invalid URI for Omeka_Navigation_Page_Uri object: http:///about in /var/www/html/application/libraries/Omeka/Navigation/Page/Uri.php:128
Stack trace:
#0 /var/www/html/application/libraries/Omeka/Navigation/Page/Uri.php(39): Omeka_Navigation_Page_Uri->_normalizeHref()
#1 /var/www/html/application/libraries/Omeka/Navigation.php(464): Omeka_Navigation_Page_Uri->setHref()
#2 /var/www/html/application/libraries/Omeka/Navigation.php(69): Omeka_Navigation->_normalizePageRecursive()
#3 /var/www/html/application/libraries/Zend/Navigation/Container.php(172): Omeka_Navigation->addPage()
#4 /var/www/html/application/libraries/Zend/Navigation/Container.php(187): Zend_Navigation_Container->addPages()
#5 /var/www/html/application/libraries/Omeka/Navigation.php(48): Zend_Navigation_Container->setPages()
#6 /var/www/html/application/libraries/globals.php(2781): Omeka_Navigation->loadAsOption()
#7 /var/www/html/themes/seasons/common/header.php(73): public_nav_main()
#8 /var/www/html/application/libraries/Omeka/View.php(114): include('/var/www/html/t...')
#9 /var/www/html/application/libraries/Zend/View/Abstract.php(888): Omeka_View->_run()
#10 /var/www/html/application/libraries/Zend/View/Helper/Partial.php(109): Zend_View_Abstract->render()
#11 /var/www/html/application/libraries/Zend/View/Abstract.php(349): Zend_View_Helper_Partial->partial()
#12 /var/www/html/application/libraries/globals.php(1666): Zend_View_Abstract->__call()
#13 /var/www/html/application/libraries/globals.php(1680): common()
#14 /var/www/html/themes/seasons/simple-pages/page/show.php(4): head()
#15 /var/www/html/application/libraries/Omeka/View.php(114): include('/var/www/html/t...')
#16 /var/www/html/application/libraries/Zend/View/Abstract.php(888): Omeka_View->_run()
#17 /var/www/html/application/libraries/Zend/Controller/Action/Helper/ViewRenderer.php(912): Zend_View_Abstract->render()
#18 /var/www/html/application/libraries/Zend/Controller/Action/Helper/ViewRenderer.php(933): Zend_Controller_Action_Helper_ViewRenderer->renderScript()
#19 /var/www/html/application/libraries/Zend/Controller/Action/Helper/ViewRenderer.php(972): Zend_Controller_Action_Helper_ViewRenderer->render()
#20 /var/www/html/application/libraries/Zend/Controller/Action/HelperBroker.php(277): Zend_Controller_Action_Helper_ViewRenderer->postDispatch()
#21 /var/www/html/application/libraries/Zend/Controller/Action.php(527): Zend_Controller_Action_HelperBroker->notifyPostDispatch()
#22 /var/www/html/application/libraries/Zend/Controller/Dispatcher/Standard.php(308): Zend_Controller_Action->dispatch()
#23 /var/www/html/application/libraries/Zend/Controller/Front.php(954): Zend_Controller_Dispatcher_Standard->dispatch()
#24 /var/www/html/application/libraries/Zend/Application/Bootstrap/Bootstrap.php(105): Zend_Controller_Front->dispatch()
#25 /var/www/html/application/libraries/Zend/Application.php(384): Zend_Application_Bootstrap_Bootstrap->run()
#26 /var/www/html/application/libraries/Omeka/Application.php(73): Zend_Application->run()
#27 /var/www/html/index.php(23): Omeka_Application->run()
#28 {main}
2022-04-29T11:15:37+00:00 ERR (3): Omeka_Navigation_Page_Uri_Exception: Invalid URI for Omeka_Navigation_Page_Uri object: http:///about in /var/www/html/application/libraries/Omeka/Navigation/Page/Uri.php:128
Stack trace:
#0 /var/www/html/application/libraries/Omeka/Navigation/Page/Uri.php(39): Omeka_Navigation_Page_Uri->_normalizeHref()
#1 /var/www/html/application/libraries/Omeka/Navigation.php(464): Omeka_Navigation_Page_Uri->setHref()
#2 /var/www/html/application/libraries/Omeka/Navigation.php(69): Omeka_Navigation->_normalizePageRecursive()
#3 /var/www/html/application/libraries/Zend/Navigation/Container.php(172): Omeka_Navigation->addPage()
#4 /var/www/html/application/libraries/Zend/Navigation/Container.php(187): Zend_Navigation_Container->addPages()
#5 /var/www/html/application/libraries/Omeka/Navigation.php(48): Zend_Navigation_Container->setPages()
#6 /var/www/html/application/libraries/globals.php(2781): Omeka_Navigation->loadAsOption()
#7 /var/www/html/themes/seasons/common/header.php(73): public_nav_main()
#8 /var/www/html/application/libraries/Omeka/View.php(114): include('/var/www/html/t...')
#9 /var/www/html/application/libraries/Zend/View/Abstract.php(888): Omeka_View->_run()
#10 /var/www/html/application/libraries/Zend/View/Helper/Partial.php(109): Zend_View_Abstract->render()
#11 /var/www/html/application/libraries/Zend/View/Abstract.php(349): Zend_View_Helper_Partial->partial()
#12 /var/www/html/application/libraries/globals.php(1666): Zend_View_Abstract->__call()
#13 /var/www/html/application/libraries/globals.php(1680): common()
#14 /var/www/html/themes/seasons/simple-pages/page/show.php(4): head()
#15 /var/www/html/application/libraries/Omeka/View.php(114): include('/var/www/html/t...')
#16 /var/www/html/application/libraries/Zend/View/Abstract.php(888): Omeka_View->_run()
#17 /var/www/html/application/libraries/Zend/Controller/Action/Helper/ViewRenderer.php(912): Zend_View_Abstract->render()
#18 /var/www/html/application/libraries/Zend/Controller/Action/Helper/ViewRenderer.php(933): Zend_Controller_Action_Helper_ViewRenderer->renderScript()
#19 /var/www/html/application/libraries/Zend/Controller/Action/Helper/ViewRenderer.php(972): Zend_Controller_Action_Helper_ViewRenderer->render()
#20 /var/www/html/application/libraries/Zend/Controller/Action/HelperBroker.php(277): Zend_Controller_Action_Helper_ViewRenderer->postDispatch()
#21 /var/www/html/application/libraries/Zend/Controller/Action.php(527): Zend_Controller_Action_HelperBroker->notifyPostDispatch()
#22 /var/www/html/application/libraries/Zend/Controller/Dispatcher/Standard.php(308): Zend_Controller_Action->dispatch()
#23 /var/www/html/application/libraries/Zend/Controller/Front.php(954): Zend_Controller_Dispatcher_Standard->dispatch()
#24 /var/www/html/application/libraries/Zend/Application/Bootstrap/Bootstrap.php(105): Zend_Controller_Front->dispatch()
#25 /var/www/html/application/libraries/Zend/Application.php(384): Zend_Application_Bootstrap_Bootstrap->run()
#26 /var/www/html/application/libraries/Omeka/Application.php(73): Zend_Application->run()
#27 /var/www/html/index.php(23): Omeka_Application->run()
#28 {main}
2022-04-29T12:02:01+00:00 ERR (3): Omeka_Navigation_Page_Uri_Exception: Invalid URI for Omeka_Navigation_Page_Uri object: http:///about in /var/www/html/application/libraries/Omeka/Navigation/Page/Uri.php:128
Stack trace:
#0 /var/www/html/application/libraries/Omeka/Navigation/Page/Uri.php(39): Omeka_Navigation_Page_Uri->_normalizeHref()
#1 /var/www/html/application/libraries/Omeka/Navigation.php(464): Omeka_Navigation_Page_Uri->setHref()
#2 /var/www/html/application/libraries/Omeka/Navigation.php(69): Omeka_Navigation->_normalizePageRecursive()
#3 /var/www/html/application/libraries/Zend/Navigation/Container.php(172): Omeka_Navigation->addPage()
#4 /var/www/html/application/libraries/Zend/Navigation/Container.php(187): Zend_Navigation_Container->addPages()
#5 /var/www/html/application/libraries/Omeka/Navigation.php(48): Zend_Navigation_Container->setPages()
#6 /var/www/html/application/libraries/globals.php(2781): Omeka_Navigation->loadAsOption()
#7 /var/www/html/themes/seasons/common/header.php(73): public_nav_main()
#8 /var/www/html/application/libraries/Omeka/View.php(114): include('/var/www/html/t...')
#9 /var/www/html/application/libraries/Zend/View/Abstract.php(888): Omeka_View->_run()
#10 /var/www/html/application/libraries/Zend/View/Helper/Partial.php(109): Zend_View_Abstract->render()
#11 /var/www/html/application/libraries/Zend/View/Abstract.php(349): Zend_View_Helper_Partial->partial()
#12 /var/www/html/application/libraries/globals.php(1666): Zend_View_Abstract->__call()
#13 /var/www/html/application/libraries/globals.php(1680): common()
#14 /var/www/html/themes/seasons/simple-pages/page/show.php(4): head()
#15 /var/www/html/application/libraries/Omeka/View.php(114): include('/var/www/html/t...')
#16 /var/www/html/application/libraries/Zend/View/Abstract.php(888): Omeka_View->_run()
#17 /var/www/html/application/libraries/Zend/Controller/Action/Helper/ViewRenderer.php(912): Zend_View_Abstract->render()
#18 /var/www/html/application/libraries/Zend/Controller/Action/Helper/ViewRenderer.php(933): Zend_Controller_Action_Helper_ViewRenderer->renderScript()
#19 /var/www/html/application/libraries/Zend/Controller/Action/Helper/ViewRenderer.php(972): Zend_Controller_Action_Helper_ViewRenderer->render()
#20 /var/www/html/application/libraries/Zend/Controller/Action/HelperBroker.php(277): Zend_Controller_Action_Helper_ViewRenderer->postDispatch()
#21 /var/www/html/application/libraries/Zend/Controller/Action.php(527): Zend_Controller_Action_HelperBroker->notifyPostDispatch()
#22 /var/www/html/application/libraries/Zend/Controller/Dispatcher/Standard.php(308): Zend_Controller_Action->dispatch()
#23 /var/www/html/application/libraries/Zend/Controller/Front.php(954): Zend_Controller_Dispatcher_Standard->dispatch()
#24 /var/www/html/application/libraries/Zend/Application/Bootstrap/Bootstrap.php(105): Zend_Controller_Front->dispatch()
#25 /var/www/html/application/libraries/Zend/Application.php(384): Zend_Application_Bootstrap_Bootstrap->run()
#26 /var/www/html/application/libraries/Omeka/Application.php(73): Zend_Application->run()
#27 /var/www/html/index.php(23): Omeka_Application->run()
#28 {main}
